<?xml version="1.0" encoding="UTF-8"?>
<testng-results skipped="0" failed="0" ignored="1" total="3" passed="2">
  <reporter-output>
  </reporter-output>
  <suite name="Suite" duration-ms="26" started-at="2020-06-04T17:20:40Z" finished-at="2020-06-04T17:20:40Z">
    <groups>
      <group name="regressiontesting">
        <method signature="DependsOnGroups.logout()[pri:0, instance:com.TestNG.DependsOnGroups@61832929]" name="logout" class="com.TestNG.DependsOnGroups"/>
        <method signature="DependsOnGroups.search()[pri:0, instance:com.TestNG.DependsOnGroups@61832929]" name="search" class="com.TestNG.DependsOnGroups"/>
      </group> <!-- regressiontesting -->
      <group name="retesting">
        <method signature="DependsOnGroups.logout()[pri:0, instance:com.TestNG.DependsOnGroups@61832929]" name="logout" class="com.TestNG.DependsOnGroups"/>
      </group> <!-- retesting -->
      <group name="smoketesting">
        <method signature="DependsOnGroups.search()[pri:0, instance:com.TestNG.DependsOnGroups@61832929]" name="search" class="com.TestNG.DependsOnGroups"/>
      </group> <!-- smoketesting -->
    </groups>
    <test name="Test" duration-ms="26" started-at="2020-06-04T17:20:40Z" finished-at="2020-06-04T17:20:40Z">
      <class name="com.TestNG.DependsOnGroups">
        <test-method status="PASS" signature="logout()[pri:0, instance:com.TestNG.DependsOnGroups@61832929]" name="logout" duration-ms="8" started-at="2020-06-04T17:20:40Z" finished-at="2020-06-04T17:20:40Z">
          <reporter-output>
          </reporter-output>
        </test-method> <!-- logout -->
        <test-method status="PASS" signature="search()[pri:0, instance:com.TestNG.DependsOnGroups@61832929]" name="search" duration-ms="1" started-at="2020-06-04T17:20:40Z" finished-at="2020-06-04T17:20:40Z">
          <reporter-output>
          </reporter-output>
        </test-method> <!-- search -->
      </class> <!-- com.TestNG.DependsOnGroups -->
    </test> <!-- Test -->
  </suite> <!-- Suite -->
</testng-results>
