<?xml version="1.0" encoding="UTF-8"?>
<testng-results skipped="0" failed="0" ignored="0" total="1" passed="1">
  <reporter-output>
  </reporter-output>
  <suite name="Default suite" duration-ms="5617" started-at="2020-06-12T06:19:38Z" finished-at="2020-06-12T06:19:44Z">
    <groups>
    </groups>
    <test name="Default test" duration-ms="5617" started-at="2020-06-12T06:19:38Z" finished-at="2020-06-12T06:19:44Z">
      <class name="com.testcase.DatePicker">
        <test-method status="PASS" signature="login()[pri:0, instance:com.testcase.DatePicker@462d5aee]" name="login" duration-ms="5601" started-at="2020-06-12T06:19:39Z" finished-at="2020-06-12T06:19:44Z">
          <reporter-output>
          </reporter-output>
        </test-method> <!-- login -->
      </class> <!-- com.testcase.DatePicker -->
    </test> <!-- Default test -->
  </suite> <!-- Default suite -->
</testng-results>
