<?xml version="1.0" encoding="UTF-8"?>
<!-- Generated by org.testng.reporters.JUnitXMLReporter -->
<testsuite hostname="LAPTOP-J3NNQ1VU" ignored="0" name="Default test" tests="3" failures="0" timestamp="07 Jun 2020 05:49:38 GMT" time="0.029" errors="0">
  <testcase name="testcase3" time="0.007" classname="com.TestNG.Prioritytestcase"/>
  <testcase name="testcase1" time="0.001" classname="com.TestNG.Prioritytestcase"/>
  <testcase name="testcase2" time="0.001" classname="com.TestNG.Prioritytestcase"/>
</testsuite> <!-- Default test -->
