<?xml version="1.0" encoding="UTF-8"?>
<!-- Generated by org.testng.reporters.JUnitXMLReporter -->
<testsuite hostname="LAPTOP-J3NNQ1VU" ignored="0" name="Test" tests="17" failures="1" timestamp="07 Jun 2020 06:31:39 GMT" time="8.295" errors="0">
  <testcase name="login" time="0.005" classname="com.TestNG.DependsUponMethod"/>
  <testcase name="search" time="0.004" classname="com.TestNG.DependsUponMethod">
    <failure type="java.lang.AssertionError" message="expected [abc] but found [XYZ]">
      <![CDATA[java.lang.AssertionError: expected [abc] but found [XYZ]
at com.TestNG.DependsUponMethod.search(DependsUponMethod.java:16)
... Removed 31 stack frames]]>
    </failure>
  </testcase> <!-- search -->
  <testcase name="logout" time="0.001" classname="com.TestNG.DependsUponMethod"/>
  <testcase name="login" time="0.001" classname="com.TestNG.DependsOnGroups"/>
  <testcase name="logout" time="0.001" classname="com.TestNG.DependsOnGroups"/>
  <testcase name="search" time="0.002" classname="com.TestNG.DependsOnGroups"/>
  <testcase name="testcase1" time="0.001" classname="com.TestNG.ParallelExecution"/>
  <testcase name="testcase2" time="0.001" classname="com.TestNG.ParallelExecution"/>
  <testcase name="testcase3" time="0.001" classname="com.TestNG.ParallelExecution"/>
  <testcase name="testcase4" time="0.001" classname="com.TestNG.ParallelExecution1"/>
  <testcase name="testcase5" time="0.001" classname="com.TestNG.ParallelExecution1"/>
  <testcase name="testcase6" time="0.001" classname="com.TestNG.ParallelExecution1"/>
  <testcase name="testcase3" time="0.001" classname="com.TestNG.Prioritytestcase"/>
  <testcase name="enterbyid" time="1.794" classname="com.TestNG.NewTest"/>
  <testcase name="testcase1" time="0.0" classname="com.TestNG.Prioritytestcase"/>
  <testcase name="admin" time="1.187" classname="com.TestNG.NewTest"/>
  <testcase name="testcase2" time="0.0" classname="com.TestNG.Prioritytestcase"/>
</testsuite> <!-- Test -->
