<?xml version="1.0" encoding="UTF-8"?>
<testng-results skipped="0" failed="0" ignored="0" total="2" passed="2">
  <reporter-output>
  </reporter-output>
  <suite name="Default suite" duration-ms="22889" started-at="2020-06-12T16:24:06Z" finished-at="2020-06-12T16:24:29Z">
    <groups>
    </groups>
    <test name="Default test" duration-ms="22889" started-at="2020-06-12T16:24:06Z" finished-at="2020-06-12T16:24:29Z">
      <class name="com.testcases.OHRMAssignLeave">
        <test-method status="PASS" signature="setup()[pri:0, instance:com.testcases.OHRMAssignLeave@7c7b252e]" name="setup" is-config="true" duration-ms="8201" started-at="2020-06-12T16:24:06Z" finished-at="2020-06-12T16:24:14Z">
          <reporter-output>
          </reporter-output>
        </test-method> <!-- setup -->
        <test-method status="PASS" signature="Login()[pri:1, instance:com.testcases.OHRMAssignLeave@7c7b252e]" name="Login" duration-ms="6831" started-at="2020-06-12T16:24:14Z" finished-at="2020-06-12T16:24:21Z">
          <reporter-output>
          </reporter-output>
        </test-method> <!-- Login -->
        <test-method status="PASS" signature="AssignLeave()[pri:2, instance:com.testcases.OHRMAssignLeave@7c7b252e]" name="AssignLeave" duration-ms="7123" started-at="2020-06-12T16:24:21Z" finished-at="2020-06-12T16:24:28Z">
          <reporter-output>
          </reporter-output>
        </test-method> <!-- AssignLeave -->
        <test-method status="PASS" signature="teardown()[pri:0, instance:com.testcases.OHRMAssignLeave@7c7b252e]" name="teardown" is-config="true" duration-ms="586" started-at="2020-06-12T16:24:28Z" finished-at="2020-06-12T16:24:29Z">
          <reporter-output>
          </reporter-output>
        </test-method> <!-- teardown -->
      </class> <!-- com.testcases.OHRMAssignLeave -->
    </test> <!-- Default test -->
  </suite> <!-- Default suite -->
</testng-results>
